Using pre-set license
Built from '2022.3/staging' branch; Version is '2022.3.3f1 (7cdc2969a641) revision 8182825'; Using compiler version '192829333'; Build Type 'Release'
OS: 'Windows 11  (10.0.22621) 64bit Professional' Language: 'tr' Physical Memory: 32604 MB
BatchMode: 1, IsHumanControllingUs: 0, StartBugReporterOnCrash: 0, Is64bit: 1, IsPro: 1

COMMAND LINE ARGUMENTS:
D:\Editor\2022.3.3f1\Editor\Unity.exe
-adb2
-batchMode
-noUpm
-name
AssetImportWorker3
-projectPath
C:/Users/memin/OneDrive/Masaüstü/staj'a kadar yaptigim oyunlar/bir oyun yapcam ama V2
-logFile
Logs/AssetImportWorker3.log
-srvPort
53002
Successfully changed project path to: C:/Users/memin/OneDrive/Masaüstü/staj'a kadar yaptigim oyunlar/bir oyun yapcam ama V2
C:/Users/memin/OneDrive/Masaüstü/staj'a kadar yaptigim oyunlar/bir oyun yapcam ama V2
[UnityMemory] Configuration Parameters - Can be set up in boot.config
    "memorysetup-bucket-allocator-granularity=16"
    "memorysetup-bucket-allocator-bucket-count=8"
    "memorysetup-bucket-allocator-block-size=33554432"
    "memorysetup-bucket-allocator-block-count=8"
    "memorysetup-main-allocator-block-size=16777216"
    "memorysetup-thread-allocator-block-size=16777216"
    "memorysetup-gfx-main-allocator-block-size=16777216"
    "memorysetup-gfx-thread-allocator-block-size=16777216"
    "memorysetup-cache-allocator-block-size=4194304"
    "memorysetup-typetree-allocator-block-size=2097152"
    "memorysetup-profiler-bucket-allocator-granularity=16"
    "memorysetup-profiler-bucket-allocator-bucket-count=8"
    "memorysetup-profiler-bucket-allocator-block-size=33554432"
    "memorysetup-profiler-bucket-allocator-block-count=8"
    "memorysetup-profiler-allocator-block-size=16777216"
    "memorysetup-profiler-editor-allocator-block-size=1048576"
    "memorysetup-temp-allocator-size-main=16777216"
    "memorysetup-job-temp-allocator-block-size=2097152"
    "memorysetup-job-temp-allocator-block-size-background=1048576"
    "memorysetup-job-temp-allocator-reduction-small-platforms=262144"
    "memorysetup-allocator-temp-initial-block-size-main=262144"
    "memorysetup-allocator-temp-initial-block-size-worker=262144"
    "memorysetup-temp-allocator-size-background-worker=32768"
    "memorysetup-temp-allocator-size-job-worker=262144"
    "memorysetup-temp-allocator-size-preload-manager=33554432"
    "memorysetup-temp-allocator-size-nav-mesh-worker=65536"
    "memorysetup-temp-allocator-size-audio-worker=65536"
    "memorysetup-temp-allocator-size-cloud-worker=32768"
    "memorysetup-temp-allocator-size-gi-baking-worker=262144"
    "memorysetup-temp-allocator-size-gfx=262144"
Player connection [21948] Host "[IP] 10.1.19.2 [Port] 0 [Flags] 2 [Guid] 598858934 [EditorId] 598858934 [Version] 1048832 [Id] WindowsEditor(7,DESKTOP-OH4QQP8) [Debug] 1 [PackageName] WindowsEditor [ProjectName] Editor" joined multi-casting on [225.0.0.222:54997]...

Player connection [21948] Host "[IP] 10.1.19.2 [Port] 0 [Flags] 2 [Guid] 598858934 [EditorId] 598858934 [Version] 1048832 [Id] WindowsEditor(7,DESKTOP-OH4QQP8) [Debug] 1 [PackageName] WindowsEditor [ProjectName] Editor" joined alternative multi-casting on [225.0.0.222:34997]...

Refreshing native plugins compatible for Editor in 13.87 ms, found 4 plugins.
Preloading 0 native plugins for Editor in 0.00 ms.
Initialize engine version: 2022.3.3f1 (7cdc2969a641)
[Subsystems] Discovering subsystems at path D:/Editor/2022.3.3f1/Editor/Data/Resources/UnitySubsystems
[Subsystems] Discovering subsystems at path C:/Users/memin/OneDrive/Masaüstü/staj'a kadar yaptigim oyunlar/bir oyun yapcam ama V2/Assets
GfxDevice: creating device client; threaded=0; jobified=0
Direct3D:
    Version:  Direct3D 11.0 [level 11.1]
    Renderer: NVIDIA GeForce RTX 3060 Laptop GPU (ID=0x2520)
    Vendor:   NVIDIA
    VRAM:     6009 MB
    Driver:   31.0.15.3667
Initialize mono
Mono path[0] = 'D:/Editor/2022.3.3f1/Editor/Data/Managed'
Mono path[1] = 'D:/Editor/2022.3.3f1/Editor/Data/MonoBleedingEdge/lib/mono/unityjit-win32'
Mono config path = 'D:/Editor/2022.3.3f1/Editor/Data/MonoBleedingEdge/etc'
Using monoOptions --debugger-agent=transport=dt_socket,embedding=1,server=y,suspend=n,address=127.0.0.1:56992
Begin MonoManager ReloadAssembly
Registering precompiled unity dll's ...
Register platform support module: D:/Editor/2022.3.3f1/Editor/Data/PlaybackEngines/WebGLSupport/UnityEditor.WebGL.Extensions.dll
Register platform support module: D:/Editor/2022.3.3f1/Editor/Data/PlaybackEngines/AndroidPlayer/UnityEditor.Android.Extensions.dll
Register platform support module: D:/Editor/2022.3.3f1/Editor/Data/PlaybackEngines/iOSSupport/UnityEditor.iOS.Extensions.dll
Register platform support module: D:/Editor/2022.3.3f1/Editor/Data/PlaybackEngines/WindowsStandaloneSupport/UnityEditor.WindowsStandalone.Extensions.dll
Register platform support module: D:/Editor/2022.3.3f1/Editor/Data/PlaybackEngines/MetroSupport/UnityEditor.UWP.Extensions.dll
Registered in 0.006153 seconds.
- Loaded All Assemblies, in  0.422 seconds
Native extension for UWP target not found
Native extension for WindowsStandalone target not found
[usbmuxd] Start listen thread
[usbmuxd] Listen thread started
Native extension for iOS target not found
Native extension for Android target not found
Android Extension - Scanning For ADB Devices 222 ms
Native extension for WebGL target not found
Mono: successfully reloaded assembly
- Finished resetting the current domain, in  0.572 seconds
Domain Reload Profiling: 994ms
	BeginReloadAssembly (111ms)
		ExecutionOrderSort (0ms)
		DisableScriptedObjects (0ms)
		BackupInstance (0ms)
		ReleaseScriptingObjects (0ms)
		CreateAndSetChildDomain (1ms)
	RebuildCommonClasses (48ms)
	RebuildNativeTypeToScriptingClass (11ms)
	initialDomainReloadingComplete (57ms)
	LoadAllAssembliesAndSetupDomain (195ms)
		LoadAssemblies (111ms)
		RebuildTransferFunctionScriptingTraits (0ms)
		AnalyzeDomain (190ms)
			TypeCache.Refresh (190ms)
				TypeCache.ScanAssembly (175ms)
			ScanForSourceGeneratedMonoScriptInfo (0ms)
			ResolveRequiredComponents (0ms)
	FinalizeReload (572ms)
		ReleaseScriptCaches (0ms)
		RebuildScriptCaches (0ms)
		SetupLoadedEditorAssemblies (509ms)
			LogAssemblyErrors (0ms)
			InitializePlatformSupportModulesInManaged (353ms)
			SetLoadedEditorAssemblies (4ms)
			RefreshPlugins (0ms)
			BeforeProcessingInitializeOnLoad (2ms)
			ProcessInitializeOnLoadAttributes (101ms)
			ProcessInitializeOnLoadMethodAttributes (48ms)
			AfterProcessingInitializeOnLoad (0ms)
			EditorAssembliesLoaded (0ms)
		ExecutionOrderSort2 (0ms)
		AwakeInstancesAfterBackupRestoration (0ms)
========================================================================
Worker process is ready to serve import requests
Begin MonoManager ReloadAssembly
Symbol file LoadedFromMemory doesn't match image C:\Users\memin\OneDrive\Masaüstü\staj'a kadar yaptigim oyunlar\bir oyun yapcam ama V2\Library\PackageCache\com.unity.visualscripting@1.8.0\Editor\VisualScripting.Core\Dependencies\YamlDotNet\Unity.VisualScripting.YamlDotNet.dll
Symbol file LoadedFromMemory doesn't match image C:\Users\memin\OneDrive\Masaüstü\staj'a kadar yaptigim oyunlar\bir oyun yapcam ama V2\Library\PackageCache\com.unity.visualscripting@1.8.0\Editor\VisualScripting.Core\Dependencies\DotNetZip\Unity.VisualScripting.IonicZip.dll
- Loaded All Assemblies, in  0.877 seconds
Refreshing native plugins compatible for Editor in 5.59 ms, found 4 plugins.
Native extension for UWP target not found
Native extension for WindowsStandalone target not found
Native extension for iOS target not found
Native extension for Android target not found
Native extension for WebGL target not found
Mono: successfully reloaded assembly
- Finished resetting the current domain, in  0.600 seconds
Domain Reload Profiling: 1475ms
	BeginReloadAssembly (108ms)
		ExecutionOrderSort (0ms)
		DisableScriptedObjects (6ms)
		BackupInstance (0ms)
		ReleaseScriptingObjects (0ms)
		CreateAndSetChildDomain (22ms)
	RebuildCommonClasses (30ms)
	RebuildNativeTypeToScriptingClass (11ms)
	initialDomainReloadingComplete (38ms)
	LoadAllAssembliesAndSetupDomain (688ms)
		LoadAssemblies (275ms)
		RebuildTransferFunctionScriptingTraits (0ms)
		AnalyzeDomain (459ms)
			TypeCache.Refresh (428ms)
				TypeCache.ScanAssembly (408ms)
			ScanForSourceGeneratedMonoScriptInfo (27ms)
			ResolveRequiredComponents (5ms)
	FinalizeReload (600ms)
		ReleaseScriptCaches (0ms)
		RebuildScriptCaches (0ms)
		SetupLoadedEditorAssemblies (405ms)
			LogAssemblyErrors (0ms)
			InitializePlatformSupportModulesInManaged (35ms)
			SetLoadedEditorAssemblies (3ms)
			RefreshPlugins (0ms)
			BeforeProcessingInitializeOnLoad (69ms)
			ProcessInitializeOnLoadAttributes (259ms)
			ProcessInitializeOnLoadMethodAttributes (37ms)
			AfterProcessingInitializeOnLoad (2ms)
			EditorAssembliesLoaded (0ms)
		ExecutionOrderSort2 (0ms)
		AwakeInstancesAfterBackupRestoration (7ms)
Launched and connected shader compiler UnityShaderCompiler.exe after 0.06 seconds
Refreshing native plugins compatible for Editor in 6.81 ms, found 4 plugins.
Preloading 0 native plugins for Editor in 0.00 ms.
Unloading 3999 Unused Serialized files (Serialized files now loaded: 0)
Unloading 69 unused Assets / (245.0 KB). Loaded Objects now: 4462.
Memory consumption went from 144.6 MB to 144.4 MB.
Total: 5.717800 ms (FindLiveObjects: 0.290600 ms CreateObjectMapping: 0.268400 ms MarkObjects: 4.978100 ms  DeleteObjects: 0.180100 ms)

AssetImportParameters requested are different than current active one (requested -> active):
  custom:container-demuxer-ogg: 62fdf1f143b41e24485cea50d1cbac27 -> 
  custom:video-decoder-ogg-theora: a1e56fd34408186e4bbccfd4996cb3dc -> 
  custom:framework-win-MediaFoundation: 216162199b28c13a410421893ffa2e32 -> 
  custom:container-demuxer-webm: 4f35f7cbe854078d1ac9338744f61a02 -> 
  custom:container-muxer-webm: aa71ff27fc2769a1b78a27578f13a17b -> 
  custom:video-decoder-webm-vp8: 9c59270c3fd7afecdb556c50c9e8de78 -> 
  custom:AudioImporter_EditorPlatform: d09bf68614088b80899f8185d706f6e7 -> 
  custom:video-encoder-webm-vp8: eb34c28f22e8b96e1ab97ce403110664 -> 
  custom:audio-decoder-ogg-vorbis: bf7c407c2cedff20999df2af8eb42d56 -> 
  custom:audio-encoder-webm-vorbis: bf7c407c2cedff20999df2af8eb42d56 -> 
========================================================================
Received Prepare
Begin MonoManager ReloadAssembly
Symbol file LoadedFromMemory doesn't match image C:\Users\memin\OneDrive\Masaüstü\staj'a kadar yaptigim oyunlar\bir oyun yapcam ama V2\Library\PackageCache\com.unity.visualscripting@1.8.0\Editor\VisualScripting.Core\Dependencies\YamlDotNet\Unity.VisualScripting.YamlDotNet.dll
Symbol file LoadedFromMemory doesn't match image C:\Users\memin\OneDrive\Masaüstü\staj'a kadar yaptigim oyunlar\bir oyun yapcam ama V2\Library\PackageCache\com.unity.visualscripting@1.8.0\Editor\VisualScripting.Core\Dependencies\DotNetZip\Unity.VisualScripting.IonicZip.dll
- Loaded All Assemblies, in  0.729 seconds
Refreshing native plugins compatible for Editor in 6.05 ms, found 4 plugins.
Native extension for UWP target not found
Native extension for WindowsStandalone target not found
Native extension for iOS target not found
Native extension for Android target not found
Native extension for WebGL target not found
Mono: successfully reloaded assembly
- Finished resetting the current domain, in  1.046 seconds
Domain Reload Profiling: 1773ms
	BeginReloadAssembly (153ms)
		ExecutionOrderSort (0ms)
		DisableScriptedObjects (13ms)
		BackupInstance (0ms)
		ReleaseScriptingObjects (0ms)
		CreateAndSetChildDomain (41ms)
	RebuildCommonClasses (37ms)
	RebuildNativeTypeToScriptingClass (12ms)
	initialDomainReloadingComplete (35ms)
	LoadAllAssembliesAndSetupDomain (489ms)
		LoadAssemblies (269ms)
		RebuildTransferFunctionScriptingTraits (0ms)
		AnalyzeDomain (285ms)
			TypeCache.Refresh (278ms)
				TypeCache.ScanAssembly (266ms)
			ScanForSourceGeneratedMonoScriptInfo (0ms)
			ResolveRequiredComponents (7ms)
	FinalizeReload (1046ms)
		ReleaseScriptCaches (0ms)
		RebuildScriptCaches (0ms)
		SetupLoadedEditorAssemblies (416ms)
			LogAssemblyErrors (0ms)
			InitializePlatformSupportModulesInManaged (39ms)
			SetLoadedEditorAssemblies (3ms)
			RefreshPlugins (0ms)
			BeforeProcessingInitializeOnLoad (81ms)
			ProcessInitializeOnLoadAttributes (251ms)
			ProcessInitializeOnLoadMethodAttributes (40ms)
			AfterProcessingInitializeOnLoad (2ms)
			EditorAssembliesLoaded (0ms)
		ExecutionOrderSort2 (0ms)
		AwakeInstancesAfterBackupRestoration (13ms)
Refreshing native plugins compatible for Editor in 5.32 ms, found 4 plugins.
Preloading 0 native plugins for Editor in 0.00 ms.
Unloading 3993 Unused Serialized files (Serialized files now loaded: 0)
Unloading 41 unused Assets / (217.5 KB). Loaded Objects now: 4467.
Memory consumption went from 142.5 MB to 142.3 MB.
Total: 4.144600 ms (FindLiveObjects: 0.323900 ms CreateObjectMapping: 0.467100 ms MarkObjects: 3.156500 ms  DeleteObjects: 0.196200 ms)

Prepare: number of updated asset objects reloaded= 0
AssetImportParameters requested are different than current active one (requested -> active):
  custom:container-demuxer-ogg: 62fdf1f143b41e24485cea50d1cbac27 -> 
  custom:video-decoder-ogg-theora: a1e56fd34408186e4bbccfd4996cb3dc -> 
  custom:framework-win-MediaFoundation: 216162199b28c13a410421893ffa2e32 -> 
  custom:container-demuxer-webm: 4f35f7cbe854078d1ac9338744f61a02 -> 
  custom:container-muxer-webm: aa71ff27fc2769a1b78a27578f13a17b -> 
  custom:video-decoder-webm-vp8: 9c59270c3fd7afecdb556c50c9e8de78 -> 
  custom:AudioImporter_EditorPlatform: d09bf68614088b80899f8185d706f6e7 -> 
  custom:video-encoder-webm-vp8: eb34c28f22e8b96e1ab97ce403110664 -> 
  custom:audio-decoder-ogg-vorbis: bf7c407c2cedff20999df2af8eb42d56 -> 
  custom:audio-encoder-webm-vorbis: bf7c407c2cedff20999df2af8eb42d56 -> 
========================================================================
Received Prepare
Begin MonoManager ReloadAssembly
Symbol file LoadedFromMemory doesn't match image C:\Users\memin\OneDrive\Masaüstü\staj'a kadar yaptigim oyunlar\bir oyun yapcam ama V2\Library\PackageCache\com.unity.visualscripting@1.8.0\Editor\VisualScripting.Core\Dependencies\YamlDotNet\Unity.VisualScripting.YamlDotNet.dll
Symbol file LoadedFromMemory doesn't match image C:\Users\memin\OneDrive\Masaüstü\staj'a kadar yaptigim oyunlar\bir oyun yapcam ama V2\Library\PackageCache\com.unity.visualscripting@1.8.0\Editor\VisualScripting.Core\Dependencies\DotNetZip\Unity.VisualScripting.IonicZip.dll
- Loaded All Assemblies, in  0.687 seconds
Refreshing native plugins compatible for Editor in 5.99 ms, found 4 plugins.
Native extension for UWP target not found
Native extension for WindowsStandalone target not found
Native extension for iOS target not found
Native extension for Android target not found
Native extension for WebGL target not found
Mono: successfully reloaded assembly
- Finished resetting the current domain, in  1.000 seconds
Domain Reload Profiling: 1686ms
	BeginReloadAssembly (144ms)
		ExecutionOrderSort (0ms)
		DisableScriptedObjects (12ms)
		BackupInstance (0ms)
		ReleaseScriptingObjects (0ms)
		CreateAndSetChildDomain (37ms)
	RebuildCommonClasses (38ms)
	RebuildNativeTypeToScriptingClass (13ms)
	initialDomainReloadingComplete (27ms)
	LoadAllAssembliesAndSetupDomain (464ms)
		LoadAssemblies (248ms)
		RebuildTransferFunctionScriptingTraits (0ms)
		AnalyzeDomain (277ms)
			TypeCache.Refresh (271ms)
				TypeCache.ScanAssembly (258ms)
			ScanForSourceGeneratedMonoScriptInfo (0ms)
			ResolveRequiredComponents (6ms)
	FinalizeReload (1001ms)
		ReleaseScriptCaches (0ms)
		RebuildScriptCaches (0ms)
		SetupLoadedEditorAssemblies (412ms)
			LogAssemblyErrors (0ms)
			InitializePlatformSupportModulesInManaged (38ms)
			SetLoadedEditorAssemblies (3ms)
			RefreshPlugins (0ms)
			BeforeProcessingInitializeOnLoad (79ms)
			ProcessInitializeOnLoadAttributes (251ms)
			ProcessInitializeOnLoadMethodAttributes (38ms)
			AfterProcessingInitializeOnLoad (3ms)
			EditorAssembliesLoaded (0ms)
		ExecutionOrderSort2 (0ms)
		AwakeInstancesAfterBackupRestoration (15ms)
Refreshing native plugins compatible for Editor in 5.04 ms, found 4 plugins.
Preloading 0 native plugins for Editor in 0.00 ms.
Unloading 3993 Unused Serialized files (Serialized files now loaded: 0)
Unloading 41 unused Assets / (217.5 KB). Loaded Objects now: 4471.
Memory consumption went from 142.5 MB to 142.3 MB.
Total: 3.937400 ms (FindLiveObjects: 0.319700 ms CreateObjectMapping: 0.364200 ms MarkObjects: 2.906500 ms  DeleteObjects: 0.346300 ms)

Prepare: number of updated asset objects reloaded= 0
AssetImportParameters requested are different than current active one (requested -> active):
  custom:container-demuxer-ogg: 62fdf1f143b41e24485cea50d1cbac27 -> 
  custom:video-decoder-ogg-theora: a1e56fd34408186e4bbccfd4996cb3dc -> 
  custom:framework-win-MediaFoundation: 216162199b28c13a410421893ffa2e32 -> 
  custom:container-demuxer-webm: 4f35f7cbe854078d1ac9338744f61a02 -> 
  custom:container-muxer-webm: aa71ff27fc2769a1b78a27578f13a17b -> 
  custom:video-decoder-webm-vp8: 9c59270c3fd7afecdb556c50c9e8de78 -> 
  custom:AudioImporter_EditorPlatform: d09bf68614088b80899f8185d706f6e7 -> 
  custom:video-encoder-webm-vp8: eb34c28f22e8b96e1ab97ce403110664 -> 
  custom:audio-decoder-ogg-vorbis: bf7c407c2cedff20999df2af8eb42d56 -> 
  custom:audio-encoder-webm-vorbis: bf7c407c2cedff20999df2af8eb42d56 -> 
========================================================================
Received Prepare
Begin MonoManager ReloadAssembly
Symbol file LoadedFromMemory doesn't match image C:\Users\memin\OneDrive\Masaüstü\staj'a kadar yaptigim oyunlar\bir oyun yapcam ama V2\Library\PackageCache\com.unity.visualscripting@1.8.0\Editor\VisualScripting.Core\Dependencies\YamlDotNet\Unity.VisualScripting.YamlDotNet.dll
Symbol file LoadedFromMemory doesn't match image C:\Users\memin\OneDrive\Masaüstü\staj'a kadar yaptigim oyunlar\bir oyun yapcam ama V2\Library\PackageCache\com.unity.visualscripting@1.8.0\Editor\VisualScripting.Core\Dependencies\DotNetZip\Unity.VisualScripting.IonicZip.dll
- Loaded All Assemblies, in  0.660 seconds
Refreshing native plugins compatible for Editor in 4.86 ms, found 4 plugins.
Native extension for UWP target not found
Native extension for WindowsStandalone target not found
Native extension for iOS target not found
Native extension for Android target not found
Native extension for WebGL target not found
Mono: successfully reloaded assembly
- Finished resetting the current domain, in  0.953 seconds
Domain Reload Profiling: 1611ms
	BeginReloadAssembly (133ms)
		ExecutionOrderSort (0ms)
		DisableScriptedObjects (13ms)
		BackupInstance (0ms)
		ReleaseScriptingObjects (0ms)
		CreateAndSetChildDomain (36ms)
	RebuildCommonClasses (34ms)
	RebuildNativeTypeToScriptingClass (14ms)
	initialDomainReloadingComplete (24ms)
	LoadAllAssembliesAndSetupDomain (453ms)
		LoadAssemblies (244ms)
		RebuildTransferFunctionScriptingTraits (0ms)
		AnalyzeDomain (261ms)
			TypeCache.Refresh (256ms)
				TypeCache.ScanAssembly (246ms)
			ScanForSourceGeneratedMonoScriptInfo (0ms)
			ResolveRequiredComponents (5ms)
	FinalizeReload (953ms)
		ReleaseScriptCaches (0ms)
		RebuildScriptCaches (0ms)
		SetupLoadedEditorAssemblies (400ms)
			LogAssemblyErrors (0ms)
			InitializePlatformSupportModulesInManaged (35ms)
			SetLoadedEditorAssemblies (3ms)
			RefreshPlugins (0ms)
			BeforeProcessingInitializeOnLoad (77ms)
			ProcessInitializeOnLoadAttributes (246ms)
			ProcessInitializeOnLoadMethodAttributes (36ms)
			AfterProcessingInitializeOnLoad (2ms)
			EditorAssembliesLoaded (0ms)
		ExecutionOrderSort2 (0ms)
		AwakeInstancesAfterBackupRestoration (15ms)
Refreshing native plugins compatible for Editor in 5.42 ms, found 4 plugins.
Preloading 0 native plugins for Editor in 0.00 ms.
Unloading 3993 Unused Serialized files (Serialized files now loaded: 0)
Unloading 41 unused Assets / (216.8 KB). Loaded Objects now: 4475.
Memory consumption went from 142.5 MB to 142.3 MB.
Total: 4.174200 ms (FindLiveObjects: 0.456000 ms CreateObjectMapping: 0.554500 ms MarkObjects: 2.967900 ms  DeleteObjects: 0.194800 ms)

Prepare: number of updated asset objects reloaded= 0
AssetImportParameters requested are different than current active one (requested -> active):
  custom:container-demuxer-ogg: 62fdf1f143b41e24485cea50d1cbac27 -> 
  custom:video-decoder-ogg-theora: a1e56fd34408186e4bbccfd4996cb3dc -> 
  custom:framework-win-MediaFoundation: 216162199b28c13a410421893ffa2e32 -> 
  custom:container-demuxer-webm: 4f35f7cbe854078d1ac9338744f61a02 -> 
  custom:container-muxer-webm: aa71ff27fc2769a1b78a27578f13a17b -> 
  custom:video-decoder-webm-vp8: 9c59270c3fd7afecdb556c50c9e8de78 -> 
  custom:AudioImporter_EditorPlatform: d09bf68614088b80899f8185d706f6e7 -> 
  custom:video-encoder-webm-vp8: eb34c28f22e8b96e1ab97ce403110664 -> 
  custom:audio-decoder-ogg-vorbis: bf7c407c2cedff20999df2af8eb42d56 -> 
  custom:audio-encoder-webm-vorbis: bf7c407c2cedff20999df2af8eb42d56 -> 
========================================================================
Received Prepare
Begin MonoManager ReloadAssembly
Symbol file LoadedFromMemory doesn't match image C:\Users\memin\OneDrive\Masaüstü\staj'a kadar yaptigim oyunlar\bir oyun yapcam ama V2\Library\PackageCache\com.unity.visualscripting@1.8.0\Editor\VisualScripting.Core\Dependencies\YamlDotNet\Unity.VisualScripting.YamlDotNet.dll
Symbol file LoadedFromMemory doesn't match image C:\Users\memin\OneDrive\Masaüstü\staj'a kadar yaptigim oyunlar\bir oyun yapcam ama V2\Library\PackageCache\com.unity.visualscripting@1.8.0\Editor\VisualScripting.Core\Dependencies\DotNetZip\Unity.VisualScripting.IonicZip.dll
- Loaded All Assemblies, in  0.639 seconds
Refreshing native plugins compatible for Editor in 4.36 ms, found 4 plugins.
Native extension for UWP target not found
Native extension for WindowsStandalone target not found
Native extension for iOS target not found
Native extension for Android target not found
Native extension for WebGL target not found
Mono: successfully reloaded assembly
- Finished resetting the current domain, in  0.951 seconds
Domain Reload Profiling: 1588ms
	BeginReloadAssembly (133ms)
		ExecutionOrderSort (0ms)
		DisableScriptedObjects (12ms)
		BackupInstance (0ms)
		ReleaseScriptingObjects (0ms)
		CreateAndSetChildDomain (37ms)
	RebuildCommonClasses (42ms)
	RebuildNativeTypeToScriptingClass (14ms)
	initialDomainReloadingComplete (28ms)
	LoadAllAssembliesAndSetupDomain (418ms)
		LoadAssemblies (226ms)
		RebuildTransferFunctionScriptingTraits (0ms)
		AnalyzeDomain (244ms)
			TypeCache.Refresh (240ms)
				TypeCache.ScanAssembly (230ms)
			ScanForSourceGeneratedMonoScriptInfo (0ms)
			ResolveRequiredComponents (5ms)
	FinalizeReload (951ms)
		ReleaseScriptCaches (0ms)
		RebuildScriptCaches (0ms)
		SetupLoadedEditorAssemblies (406ms)
			LogAssemblyErrors (0ms)
			InitializePlatformSupportModulesInManaged (37ms)
			SetLoadedEditorAssemblies (4ms)
			RefreshPlugins (0ms)
			BeforeProcessingInitializeOnLoad (76ms)
			ProcessInitializeOnLoadAttributes (249ms)
			ProcessInitializeOnLoadMethodAttributes (37ms)
			AfterProcessingInitializeOnLoad (2ms)
			EditorAssembliesLoaded (0ms)
		ExecutionOrderSort2 (0ms)
		AwakeInstancesAfterBackupRestoration (14ms)
Refreshing native plugins compatible for Editor in 5.65 ms, found 4 plugins.
Preloading 0 native plugins for Editor in 0.00 ms.
Unloading 3993 Unused Serialized files (Serialized files now loaded: 0)
Unloading 41 unused Assets / (216.9 KB). Loaded Objects now: 4479.
Memory consumption went from 142.5 MB to 142.3 MB.
Total: 3.396700 ms (FindLiveObjects: 0.321800 ms CreateObjectMapping: 0.359800 ms MarkObjects: 2.546500 ms  DeleteObjects: 0.167800 ms)

Prepare: number of updated asset objects reloaded= 0
AssetImportParameters requested are different than current active one (requested -> active):
  custom:container-demuxer-ogg: 62fdf1f143b41e24485cea50d1cbac27 -> 
  custom:video-decoder-ogg-theora: a1e56fd34408186e4bbccfd4996cb3dc -> 
  custom:framework-win-MediaFoundation: 216162199b28c13a410421893ffa2e32 -> 
  custom:container-demuxer-webm: 4f35f7cbe854078d1ac9338744f61a02 -> 
  custom:container-muxer-webm: aa71ff27fc2769a1b78a27578f13a17b -> 
  custom:video-decoder-webm-vp8: 9c59270c3fd7afecdb556c50c9e8de78 -> 
  custom:AudioImporter_EditorPlatform: d09bf68614088b80899f8185d706f6e7 -> 
  custom:video-encoder-webm-vp8: eb34c28f22e8b96e1ab97ce403110664 -> 
  custom:audio-decoder-ogg-vorbis: bf7c407c2cedff20999df2af8eb42d56 -> 
  custom:audio-encoder-webm-vorbis: bf7c407c2cedff20999df2af8eb42d56 -> 
========================================================================
Received Prepare
Begin MonoManager ReloadAssembly
Symbol file LoadedFromMemory doesn't match image C:\Users\memin\OneDrive\Masaüstü\staj'a kadar yaptigim oyunlar\bir oyun yapcam ama V2\Library\PackageCache\com.unity.visualscripting@1.8.0\Editor\VisualScripting.Core\Dependencies\YamlDotNet\Unity.VisualScripting.YamlDotNet.dll
Symbol file LoadedFromMemory doesn't match image C:\Users\memin\OneDrive\Masaüstü\staj'a kadar yaptigim oyunlar\bir oyun yapcam ama V2\Library\PackageCache\com.unity.visualscripting@1.8.0\Editor\VisualScripting.Core\Dependencies\DotNetZip\Unity.VisualScripting.IonicZip.dll
- Loaded All Assemblies, in  0.807 seconds
Refreshing native plugins compatible for Editor in 5.68 ms, found 4 plugins.
Native extension for UWP target not found
Native extension for WindowsStandalone target not found
Native extension for iOS target not found
Native extension for Android target not found
Native extension for WebGL target not found
Mono: successfully reloaded assembly
- Finished resetting the current domain, in  0.973 seconds
Domain Reload Profiling: 1777ms
	BeginReloadAssembly (154ms)
		ExecutionOrderSort (0ms)
		DisableScriptedObjects (14ms)
		BackupInstance (0ms)
		ReleaseScriptingObjects (0ms)
		CreateAndSetChildDomain (40ms)
	RebuildCommonClasses (46ms)
	RebuildNativeTypeToScriptingClass (20ms)
	initialDomainReloadingComplete (38ms)
	LoadAllAssembliesAndSetupDomain (547ms)
		LoadAssemblies (273ms)
		RebuildTransferFunctionScriptingTraits (0ms)
		AnalyzeDomain (336ms)
			TypeCache.Refresh (323ms)
				TypeCache.ScanAssembly (311ms)
			ScanForSourceGeneratedMonoScriptInfo (5ms)
			ResolveRequiredComponents (8ms)
	FinalizeReload (974ms)
		ReleaseScriptCaches (0ms)
		RebuildScriptCaches (0ms)
		SetupLoadedEditorAssemblies (371ms)
			LogAssemblyErrors (0ms)
			InitializePlatformSupportModulesInManaged (36ms)
			SetLoadedEditorAssemblies (3ms)
			RefreshPlugins (0ms)
			BeforeProcessingInitializeOnLoad (74ms)
			ProcessInitializeOnLoadAttributes (221ms)
			ProcessInitializeOnLoadMethodAttributes (34ms)
			AfterProcessingInitializeOnLoad (2ms)
			EditorAssembliesLoaded (0ms)
		ExecutionOrderSort2 (0ms)
		AwakeInstancesAfterBackupRestoration (12ms)
Refreshing native plugins compatible for Editor in 5.64 ms, found 4 plugins.
Preloading 0 native plugins for Editor in 0.00 ms.
Unloading 3994 Unused Serialized files (Serialized files now loaded: 0)
Unloading 41 unused Assets / (217.0 KB). Loaded Objects now: 4484.
Memory consumption went from 142.5 MB to 142.3 MB.
Total: 3.505300 ms (FindLiveObjects: 0.283800 ms CreateObjectMapping: 0.290700 ms MarkObjects: 2.768100 ms  DeleteObjects: 0.161600 ms)

Prepare: number of updated asset objects reloaded= 0
AssetImportParameters requested are different than current active one (requested -> active):
  custom:container-demuxer-ogg: 62fdf1f143b41e24485cea50d1cbac27 -> 
  custom:video-decoder-ogg-theora: a1e56fd34408186e4bbccfd4996cb3dc -> 
  custom:framework-win-MediaFoundation: 216162199b28c13a410421893ffa2e32 -> 
  custom:container-demuxer-webm: 4f35f7cbe854078d1ac9338744f61a02 -> 
  custom:container-muxer-webm: aa71ff27fc2769a1b78a27578f13a17b -> 
  custom:video-decoder-webm-vp8: 9c59270c3fd7afecdb556c50c9e8de78 -> 
  custom:AudioImporter_EditorPlatform: d09bf68614088b80899f8185d706f6e7 -> 
  custom:video-encoder-webm-vp8: eb34c28f22e8b96e1ab97ce403110664 -> 
  custom:audio-decoder-ogg-vorbis: bf7c407c2cedff20999df2af8eb42d56 -> 
  custom:audio-encoder-webm-vorbis: bf7c407c2cedff20999df2af8eb42d56 -> 
========================================================================
Received Import Request.
  Time since last request: 162714.276423 seconds.
  path: Assets/Scripts/BallContorller.cs
  artifactKey: Guid(c5082eec983e36743ab965a9a06b378c) Importer(815301076,1909f56bfc062723c751e8b465ee728b)
Start importing Assets/Scripts/BallContorller.cs using Guid(c5082eec983e36743ab965a9a06b378c) Importer(815301076,1909f56bfc062723c751e8b465ee728b)  -> (artifact id: 'a76307ec194fb7672e9cd2e75f9e76e6') in 0.002264 seconds
Number of updated asset objects reloaded before import = 0
Number of asset objects unloaded after import = 0
========================================================================
Received Import Request.
  Time since last request: 1.894304 seconds.
  path: Assets/Prefabs/TekliPlatform.prefab
  artifactKey: Guid(6b33cc87d94e8e144ac975de80e8a2ea) Importer(2089858483,0ecaa5967403d082aa24f35e1b516d23)
Start importing Assets/Prefabs/TekliPlatform.prefab using Guid(6b33cc87d94e8e144ac975de80e8a2ea) Importer(2089858483,0ecaa5967403d082aa24f35e1b516d23) Generated GUIDs only implemented for interfaces!
 -> (artifact id: 'de6001012d1753c05825dbd486b6ebd1') in 0.162484 seconds
Number of updated asset objects reloaded before import = 0
Number of asset objects unloaded after import = 7
========================================================================
Received Import Request.
  Time since last request: 0.000017 seconds.
  path: Assets/Spritesheet/PNG/Default/number_3.png
  artifactKey: Guid(ec98340fad5805d43964cf2c95d63a1c) Importer(2089858483,0ecaa5967403d082aa24f35e1b516d23)
Start importing Assets/Spritesheet/PNG/Default/number_3.png using Guid(ec98340fad5805d43964cf2c95d63a1c) Importer(2089858483,0ecaa5967403d082aa24f35e1b516d23) Generated GUIDs only implemented for interfaces!
 -> (artifact id: '495c4be103a93939ca7d9cf18adac646') in 0.065208 seconds
Number of updated asset objects reloaded before import = 0
Number of asset objects unloaded after import = 3
========================================================================
Received Import Request.
  Time since last request: 0.000032 seconds.
  path: Assets/Spritesheet/PNG/Retina/button_yellow.png
  artifactKey: Guid(6343dbb95c0e626429ca67f35b8e0958) Importer(2089858483,0ecaa5967403d082aa24f35e1b516d23)
Start importing Assets/Spritesheet/PNG/Retina/button_yellow.png using Guid(6343dbb95c0e626429ca67f35b8e0958) Importer(2089858483,0ecaa5967403d082aa24f35e1b516d23) Generated GUIDs only implemented for interfaces!
 -> (artifact id: '4fe90ab48ecabd5c859f5d642546262d') in 0.034709 seconds
Number of updated asset objects reloaded before import = 0
Number of asset objects unloaded after import = 3
========================================================================
Received Import Request.
  Time since last request: 0.000017 seconds.
  path: Assets/Spritesheet/PNG/Default/number_2.png
  artifactKey: Guid(eee8627122c4ef140b9a7cb68286ce79) Importer(2089858483,0ecaa5967403d082aa24f35e1b516d23)
Start importing Assets/Spritesheet/PNG/Default/number_2.png using Guid(eee8627122c4ef140b9a7cb68286ce79) Importer(2089858483,0ecaa5967403d082aa24f35e1b516d23) Generated GUIDs only implemented for interfaces!
 -> (artifact id: 'eac5e207686d70f70753731d2c6a8612') in 0.036018 seconds
Number of updated asset objects reloaded before import = 0
Number of asset objects unloaded after import = 3
========================================================================
Received Import Request.
  Time since last request: 0.000018 seconds.
  path: Assets/Spritesheet/PNG/Default/button_blue.png
  artifactKey: Guid(bb7a8f1a7aa949348a8fb70b5612d45d) Importer(2089858483,0ecaa5967403d082aa24f35e1b516d23)
Start importing Assets/Spritesheet/PNG/Default/button_blue.png using Guid(bb7a8f1a7aa949348a8fb70b5612d45d) Importer(2089858483,0ecaa5967403d082aa24f35e1b516d23) Generated GUIDs only implemented for interfaces!
 -> (artifact id: '08d8636fadf03599518148c9074c1263') in 0.029753 seconds
Number of updated asset objects reloaded before import = 0
Number of asset objects unloaded after import = 3
========================================================================
Received Import Request.
  Time since last request: 0.000014 seconds.
  path: Assets/Spritesheet/PNG/Retina/block_locked_large.png
  artifactKey: Guid(790f38020a448f64393f595645ff24ed) Importer(2089858483,0ecaa5967403d082aa24f35e1b516d23)
Start importing Assets/Spritesheet/PNG/Retina/block_locked_large.png using Guid(790f38020a448f64393f595645ff24ed) Importer(2089858483,0ecaa5967403d082aa24f35e1b516d23) Generated GUIDs only implemented for interfaces!
 -> (artifact id: '3558f4dbbe0dd1340847b479e4810b92') in 0.037905 seconds
Number of updated asset objects reloaded before import = 0
Number of asset objects unloaded after import = 3
========================================================================
Received Import Request.
  Time since last request: 0.000019 seconds.
  path: Assets/Spritesheet/PNG/Default/background_green.png
  artifactKey: Guid(b4d61f4ced94310438991781829667d9) Importer(2089858483,0ecaa5967403d082aa24f35e1b516d23)
Start importing Assets/Spritesheet/PNG/Default/background_green.png using Guid(b4d61f4ced94310438991781829667d9) Importer(2089858483,0ecaa5967403d082aa24f35e1b516d23) Generated GUIDs only implemented for interfaces!
 -> (artifact id: 'de30c45863daaa5cb56e67f1c8e0854a') in 0.028842 seconds
Number of updated asset objects reloaded before import = 0
Number of asset objects unloaded after import = 3
========================================================================
Received Import Request.
  Time since last request: 0.000017 seconds.
  path: Assets/Spritesheet/PNG/Default/hole_large_end_alt_locked.png
  artifactKey: Guid(4358da12317dff8488dff4391cbca295) Importer(2089858483,0ecaa5967403d082aa24f35e1b516d23)
Start importing Assets/Spritesheet/PNG/Default/hole_large_end_alt_locked.png using Guid(4358da12317dff8488dff4391cbca295) Importer(2089858483,0ecaa5967403d082aa24f35e1b516d23) Generated GUIDs only implemented for interfaces!
 -> (artifact id: 'bea2f4682baac031a50cefe65f0a4584') in 0.032715 seconds
Number of updated asset objects reloaded before import = 0
Number of asset objects unloaded after import = 3
========================================================================
Received Import Request.
  Time since last request: 0.000016 seconds.
  path: Assets/Spritesheet/PNG/Default/number_8.png
  artifactKey: Guid(06b8ceac04053ad4a982eccde455186f) Importer(2089858483,0ecaa5967403d082aa24f35e1b516d23)
Start importing Assets/Spritesheet/PNG/Default/number_8.png using Guid(06b8ceac04053ad4a982eccde455186f) Importer(2089858483,0ecaa5967403d082aa24f35e1b516d23) Generated GUIDs only implemented for interfaces!
 -> (artifact id: 'cc42da304b9b4ef0fc235a182cefea5f') in 0.034288 seconds
Number of updated asset objects reloaded before import = 0
Number of asset objects unloaded after import = 3
========================================================================
Received Import Request.
  Time since last request: 0.000017 seconds.
  path: Assets/Spritesheet/PNG/Default/button_grey.png
  artifactKey: Guid(94c316e6b7116cb49af65e139f72112c) Importer(2089858483,0ecaa5967403d082aa24f35e1b516d23)
Start importing Assets/Spritesheet/PNG/Default/button_grey.png using Guid(94c316e6b7116cb49af65e139f72112c) Importer(2089858483,0ecaa5967403d082aa24f35e1b516d23) Generated GUIDs only implemented for interfaces!
 -> (artifact id: 'eed76efa2038c137214b608bd3c33f19') in 0.031967 seconds
Number of updated asset objects reloaded before import = 0
Number of asset objects unloaded after import = 3
========================================================================
Received Import Request.
  Time since last request: 0.000028 seconds.
  path: Assets/Spritesheet/PNG/Default/ball_red_large_alt.png
  artifactKey: Guid(fa81512020dcef341b8e743afa32bf05) Importer(2089858483,0ecaa5967403d082aa24f35e1b516d23)
Start importing Assets/Spritesheet/PNG/Default/ball_red_large_alt.png using Guid(fa81512020dcef341b8e743afa32bf05) Importer(2089858483,0ecaa5967403d082aa24f35e1b516d23) Generated GUIDs only implemented for interfaces!
 -> (artifact id: '74525b0ab76f90d2b7470277dcb1336d') in 0.026161 seconds
Number of updated asset objects reloaded before import = 0
Number of asset objects unloaded after import = 3
========================================================================
Received Import Request.
  Time since last request: 0.000013 seconds.
  path: Assets/Spritesheet/PNG/Default/hole_large_end.png
  artifactKey: Guid(9326db4f8487d7048b569f3a68eb8a4e) Importer(2089858483,0ecaa5967403d082aa24f35e1b516d23)
Start importing Assets/Spritesheet/PNG/Default/hole_large_end.png using Guid(9326db4f8487d7048b569f3a68eb8a4e) Importer(2089858483,0ecaa5967403d082aa24f35e1b516d23) Generated GUIDs only implemented for interfaces!
 -> (artifact id: '1c2637f29e629ac974a15e337c2331ab') in 0.029039 seconds
Number of updated asset objects reloaded before import = 0
Number of asset objects unloaded after import = 3
========================================================================
Received Import Request.
  Time since last request: 0.000014 seconds.
  path: Assets/Spritesheet/PNG/Retina/hole_small_end_alt.png
  artifactKey: Guid(3eb57bef848ad734a8fd05e8640db6cd) Importer(2089858483,0ecaa5967403d082aa24f35e1b516d23)
Start importing Assets/Spritesheet/PNG/Retina/hole_small_end_alt.png using Guid(3eb57bef848ad734a8fd05e8640db6cd) Importer(2089858483,0ecaa5967403d082aa24f35e1b516d23) Generated GUIDs only implemented for interfaces!
 -> (artifact id: '64bcd040e13bbecde236cef66d85ab9e') in 0.030850 seconds
Number of updated asset objects reloaded before import = 0
Number of asset objects unloaded after import = 3
========================================================================
Received Import Request.
  Time since last request: 0.000026 seconds.
  path: Assets/Spritesheet/PNG/Retina/number_1.png
  artifactKey: Guid(45565b4e3467d6b4b9c2a8ec6c355511) Importer(2089858483,0ecaa5967403d082aa24f35e1b516d23)
Start importing Assets/Spritesheet/PNG/Retina/number_1.png using Guid(45565b4e3467d6b4b9c2a8ec6c355511) Importer(2089858483,0ecaa5967403d082aa24f35e1b516d23) Generated GUIDs only implemented for interfaces!
 -> (artifact id: '8cd9fd6a49e17748672ddbd9a7e99d04') in 0.032682 seconds
Number of updated asset objects reloaded before import = 0
Number of asset objects unloaded after import = 3
========================================================================
Received Import Request.
  Time since last request: 0.000022 seconds.
  path: Assets/Spritesheet/PNG/Retina/number_cross.png
  artifactKey: Guid(2d9a7fc9b5a12414f84bba6a8187ca84) Importer(2089858483,0ecaa5967403d082aa24f35e1b516d23)
Start importing Assets/Spritesheet/PNG/Retina/number_cross.png using Guid(2d9a7fc9b5a12414f84bba6a8187ca84) Importer(2089858483,0ecaa5967403d082aa24f35e1b516d23) Generated GUIDs only implemented for interfaces!
 -> (artifact id: '72e58e745a8fe4e918bdb906f6f0c328') in 0.033758 seconds
Number of updated asset objects reloaded before import = 0
Number of asset objects unloaded after import = 3
========================================================================
Received Import Request.
  Time since last request: 0.000015 seconds.
  path: Assets/Spritesheet/PNG/Retina/laser_shooter.png
  artifactKey: Guid(aa22f2e6699e0f44f92773c772b1c043) Importer(2089858483,0ecaa5967403d082aa24f35e1b516d23)
Start importing Assets/Spritesheet/PNG/Retina/laser_shooter.png using Guid(aa22f2e6699e0f44f92773c772b1c043) Importer(2089858483,0ecaa5967403d082aa24f35e1b516d23) Generated GUIDs only implemented for interfaces!
 -> (artifact id: '590c583dc2e18e3296a8ad1b430626b4') in 0.033330 seconds
Number of updated asset objects reloaded before import = 0
Number of asset objects unloaded after import = 3
========================================================================
Received Import Request.
  Time since last request: 0.000020 seconds.
  path: Assets/Spritesheet/PNG/Default/number_6.png
  artifactKey: Guid(1b8bff1ff7555f341bd7a1859ea15a9f) Importer(2089858483,0ecaa5967403d082aa24f35e1b516d23)
Start importing Assets/Spritesheet/PNG/Default/number_6.png using Guid(1b8bff1ff7555f341bd7a1859ea15a9f) Importer(2089858483,0ecaa5967403d082aa24f35e1b516d23) Generated GUIDs only implemented for interfaces!
 -> (artifact id: 'c516fd315a69f8c75e56f9dba8fe2a0e') in 0.042220 seconds
Number of updated asset objects reloaded before import = 0
Number of asset objects unloaded after import = 3
========================================================================
Received Import Request.
  Time since last request: 0.000026 seconds.
  path: Assets/Spritesheet/PNG/Retina/number_3.png
  artifactKey: Guid(d04d1983011495f41851e6ab422aa6df) Importer(2089858483,0ecaa5967403d082aa24f35e1b516d23)
Start importing Assets/Spritesheet/PNG/Retina/number_3.png using Guid(d04d1983011495f41851e6ab422aa6df) Importer(2089858483,0ecaa5967403d082aa24f35e1b516d23) Generated GUIDs only implemented for interfaces!
 -> (artifact id: '0b9529d57bb5e2db53782d98e268af5c') in 0.035031 seconds
Number of updated asset objects reloaded before import = 0
Number of asset objects unloaded after import = 3
========================================================================
Received Import Request.
  Time since last request: 0.000024 seconds.
  path: Assets/Spritesheet/PNG/Default/number_5.png
  artifactKey: Guid(5b30eebb0e9ccef4cac5f4f0bee04c1e) Importer(2089858483,0ecaa5967403d082aa24f35e1b516d23)
Start importing Assets/Spritesheet/PNG/Default/number_5.png using Guid(5b30eebb0e9ccef4cac5f4f0bee04c1e) Importer(2089858483,0ecaa5967403d082aa24f35e1b516d23) Generated GUIDs only implemented for interfaces!
 -> (artifact id: '0fc89603bb8d43bb7e6590c17c78fa55') in 0.023841 seconds
Number of updated asset objects reloaded before import = 0
Number of asset objects unloaded after import = 3
========================================================================
Received Import Request.
  Time since last request: 0.000015 seconds.
  path: Assets/Spritesheet/PNG/Retina/block_corner_large.png
  artifactKey: Guid(b393fb6f383fb5148af5542581705f75) Importer(2089858483,0ecaa5967403d082aa24f35e1b516d23)
Start importing Assets/Spritesheet/PNG/Retina/block_corner_large.png using Guid(b393fb6f383fb5148af5542581705f75) Importer(2089858483,0ecaa5967403d082aa24f35e1b516d23) Generated GUIDs only implemented for interfaces!
 -> (artifact id: '16f374f3dfb14e8bf842b586141511ae') in 0.022609 seconds
Number of updated asset objects reloaded before import = 0
Number of asset objects unloaded after import = 3
========================================================================
Received Import Request.
  Time since last request: 0.000015 seconds.
  path: Assets/Spritesheet/rollingBall_sheet@2.xml
  artifactKey: Guid(ccedc14167d69ae44bb03b016d6acb0a) Importer(2089858483,0ecaa5967403d082aa24f35e1b516d23)
Start importing Assets/Spritesheet/rollingBall_sheet@2.xml using Guid(ccedc14167d69ae44bb03b016d6acb0a) Importer(2089858483,0ecaa5967403d082aa24f35e1b516d23) Generated GUIDs only implemented for interfaces!
 -> (artifact id: '60cea3748609dfcc0f796fa3e14490f5') in 0.009684 seconds
Number of updated asset objects reloaded before import = 0
Number of asset objects unloaded after import = 1
========================================================================
Received Import Request.
  Time since last request: 0.000049 seconds.
  path: Assets/Spritesheet/PNG/Default/number_cross.png
  artifactKey: Guid(3888a117af2c57540ab8b2fa4fee9fde) Importer(2089858483,0ecaa5967403d082aa24f35e1b516d23)
Start importing Assets/Spritesheet/PNG/Default/number_cross.png using Guid(3888a117af2c57540ab8b2fa4fee9fde) Importer(2089858483,0ecaa5967403d082aa24f35e1b516d23) Generated GUIDs only implemented for interfaces!
 -> (artifact id: '9741d89726f508de4840d57ecbd707df') in 0.023766 seconds
Number of updated asset objects reloaded before import = 0
Number of asset objects unloaded after import = 3
========================================================================
Received Import Request.
  Time since last request: 0.000015 seconds.
  path: Assets/Spritesheet/PNG/Retina/particle_2.png
  artifactKey: Guid(52b6d1923824b924dbc7bd9fd78ebbb5) Importer(2089858483,0ecaa5967403d082aa24f35e1b516d23)
Start importing Assets/Spritesheet/PNG/Retina/particle_2.png using Guid(52b6d1923824b924dbc7bd9fd78ebbb5) Importer(2089858483,0ecaa5967403d082aa24f35e1b516d23) Generated GUIDs only implemented for interfaces!
 -> (artifact id: '6c4f89682f94edc2cf81e046de2bece6') in 0.021360 seconds
Number of updated asset objects reloaded before import = 0
Number of asset objects unloaded after import = 3
========================================================================
Received Import Request.
  Time since last request: 0.000014 seconds.
  path: Assets/Spritesheet/PNG/Retina/number_7.png
  artifactKey: Guid(6bfb9170df132b44ca2694408252e04a) Importer(2089858483,0ecaa5967403d082aa24f35e1b516d23)
Start importing Assets/Spritesheet/PNG/Retina/number_7.png using Guid(6bfb9170df132b44ca2694408252e04a) Importer(2089858483,0ecaa5967403d082aa24f35e1b516d23) Generated GUIDs only implemented for interfaces!
 -> (artifact id: 'fb97c9919658a64c844e0b33561482ea') in 0.020456 seconds
Number of updated asset objects reloaded before import = 0
Number of asset objects unloaded after import = 3
========================================================================
Received Import Request.
  Time since last request: 0.000015 seconds.
  path: Assets/Spritesheet/PNG/Retina/background_brown.png
  artifactKey: Guid(ade098667c897464e8a1bcb26b7a078e) Importer(2089858483,0ecaa5967403d082aa24f35e1b516d23)
Start importing Assets/Spritesheet/PNG/Retina/background_brown.png using Guid(ade098667c897464e8a1bcb26b7a078e) Importer(2089858483,0ecaa5967403d082aa24f35e1b516d23) Generated GUIDs only implemented for interfaces!
 -> (artifact id: 'bb070ef2796b303cdb19d66dcdea3dc4') in 0.023447 seconds
Number of updated asset objects reloaded before import = 0
Number of asset objects unloaded after import = 3
========================================================================
Received Import Request.
  Time since last request: 0.000016 seconds.
  path: Assets/Spritesheet/PNG/Default/particle_3.png
  artifactKey: Guid(aa08b2a1919879a4c987f0f3a19674ec) Importer(2089858483,0ecaa5967403d082aa24f35e1b516d23)
Start importing Assets/Spritesheet/PNG/Default/particle_3.png using Guid(aa08b2a1919879a4c987f0f3a19674ec) Importer(2089858483,0ecaa5967403d082aa24f35e1b516d23) Generated GUIDs only implemented for interfaces!
 -> (artifact id: '0f418dbc5992adbffe3dd0a88f5e4762') in 0.024703 seconds
Number of updated asset objects reloaded before import = 0
Number of asset objects unloaded after import = 3
========================================================================
Received Import Request.
  Time since last request: 0.000034 seconds.
  path: Assets/Spritesheet/PNG/Default/button_yellow.png
  artifactKey: Guid(0d294bd0aeea3524384232b03256c0e0) Importer(2089858483,0ecaa5967403d082aa24f35e1b516d23)
Start importing Assets/Spritesheet/PNG/Default/button_yellow.png using Guid(0d294bd0aeea3524384232b03256c0e0) Importer(2089858483,0ecaa5967403d082aa24f35e1b516d23) Generated GUIDs only implemented for interfaces!
 -> (artifact id: '8b286a01c8d616584f142e4f637c2ba3') in 0.021901 seconds
Number of updated asset objects reloaded before import = 0
Number of asset objects unloaded after import = 3
========================================================================
Received Import Request.
  Time since last request: 0.000014 seconds.
  path: Assets/Spritesheet/PNG/Retina/ball_red_small.png
  artifactKey: Guid(3d7a47a9f0527634389207c35278e1fb) Importer(2089858483,0ecaa5967403d082aa24f35e1b516d23)
Start importing Assets/Spritesheet/PNG/Retina/ball_red_small.png using Guid(3d7a47a9f0527634389207c35278e1fb) Importer(2089858483,0ecaa5967403d082aa24f35e1b516d23) Generated GUIDs only implemented for interfaces!
 -> (artifact id: '7b67513dc27055bab76b8a2df4c0aa4b') in 0.021891 seconds
Number of updated asset objects reloaded before import = 0
Number of asset objects unloaded after import = 3
========================================================================
Received Import Request.
  Time since last request: 0.000015 seconds.
  path: Assets/Spritesheet/PNG/Retina/number_2.png
  artifactKey: Guid(84c56a51b45c7054eafb061b51211f90) Importer(2089858483,0ecaa5967403d082aa24f35e1b516d23)
Start importing Assets/Spritesheet/PNG/Retina/number_2.png using Guid(84c56a51b45c7054eafb061b51211f90) Importer(2089858483,0ecaa5967403d082aa24f35e1b516d23) Generated GUIDs only implemented for interfaces!
 -> (artifact id: '1dc6161dfa14c73658a74d581f303563') in 0.020502 seconds
Number of updated asset objects reloaded before import = 0
Number of asset objects unloaded after import = 3
========================================================================
Received Import Request.
  Time since last request: 0.000030 seconds.
  path: Assets/Spritesheet/PNG/Retina/ball_red_large_alt.png
  artifactKey: Guid(c34c9732e5a9a7b4180ecce6a865e2a2) Importer(2089858483,0ecaa5967403d082aa24f35e1b516d23)
Start importing Assets/Spritesheet/PNG/Retina/ball_red_large_alt.png using Guid(c34c9732e5a9a7b4180ecce6a865e2a2) Importer(2089858483,0ecaa5967403d082aa24f35e1b516d23) Generated GUIDs only implemented for interfaces!
 -> (artifact id: 'bb52aa3abd84430fe68bdd5da9d949f6') in 0.024997 seconds
Number of updated asset objects reloaded before import = 0
Number of asset objects unloaded after import = 3
========================================================================
Received Import Request.
  Time since last request: 0.000015 seconds.
  path: Assets/Spritesheet/PNG/Retina/block_corner.png
  artifactKey: Guid(365674804721a4b499fd12b849f43808) Importer(2089858483,0ecaa5967403d082aa24f35e1b516d23)
Start importing Assets/Spritesheet/PNG/Retina/block_corner.png using Guid(365674804721a4b499fd12b849f43808) Importer(2089858483,0ecaa5967403d082aa24f35e1b516d23) Generated GUIDs only implemented for interfaces!
 -> (artifact id: 'ae94b63679379d63f7d28c32cb19329a') in 0.021714 seconds
Number of updated asset objects reloaded before import = 0
Number of asset objects unloaded after import = 3
========================================================================
Received Import Request.
  Time since last request: 0.000026 seconds.
  path: Assets/Spritesheet/PNG/Default/hole_small_end.png
  artifactKey: Guid(d248df6d7000b7d43b2b7c5d7b0ddfe0) Importer(2089858483,0ecaa5967403d082aa24f35e1b516d23)
Start importing Assets/Spritesheet/PNG/Default/hole_small_end.png using Guid(d248df6d7000b7d43b2b7c5d7b0ddfe0) Importer(2089858483,0ecaa5967403d082aa24f35e1b516d23) Generated GUIDs only implemented for interfaces!
 -> (artifact id: '03a68953aad1cab0236800b3665fd23e') in 0.023919 seconds
Number of updated asset objects reloaded before import = 0
Number of asset objects unloaded after import = 3
========================================================================
Received Import Request.
  Time since last request: 0.000070 seconds.
  path: Assets/Spritesheet/PNG/Retina/ball_blue_small.png
  artifactKey: Guid(ae03787bc7c634245979da3396bca058) Importer(2089858483,0ecaa5967403d082aa24f35e1b516d23)
Start importing Assets/Spritesheet/PNG/Retina/ball_blue_small.png using Guid(ae03787bc7c634245979da3396bca058) Importer(2089858483,0ecaa5967403d082aa24f35e1b516d23) Generated GUIDs only implemented for interfaces!
 -> (artifact id: '9e9e24cae42539613da4ce2d133e88b9') in 0.022554 seconds
Number of updated asset objects reloaded before import = 0
Number of asset objects unloaded after import = 3
========================================================================
Received Import Request.
  Time since last request: 0.000014 seconds.
  path: Assets/Spritesheet/PNG/Default/ball_red_small_alt.png
  artifactKey: Guid(ec4a5d372bf2857428a3f5a58caf924b) Importer(2089858483,0ecaa5967403d082aa24f35e1b516d23)
Start importing Assets/Spritesheet/PNG/Default/ball_red_small_alt.png using Guid(ec4a5d372bf2857428a3f5a58caf924b) Importer(2089858483,0ecaa5967403d082aa24f35e1b516d23) Generated GUIDs only implemented for interfaces!
 -> (artifact id: '9e9cc4d6f4f9a514e737f99efb45b6b3') in 0.022098 seconds
Number of updated asset objects reloaded before import = 0
Number of asset objects unloaded after import = 3
========================================================================
Received Import Request.
  Time since last request: 0.000014 seconds.
  path: Assets/Spritesheet/PNG/Default/star.png
  artifactKey: Guid(8222e239c26609f4a9698afcb2e89015) Importer(2089858483,0ecaa5967403d082aa24f35e1b516d23)
Start importing Assets/Spritesheet/PNG/Default/star.png using Guid(8222e239c26609f4a9698afcb2e89015) Importer(2089858483,0ecaa5967403d082aa24f35e1b516d23) Generated GUIDs only implemented for interfaces!
 -> (artifact id: 'c6ad4a3145d3f2d861e59a6134c1c980') in 0.022932 seconds
Number of updated asset objects reloaded before import = 0
Number of asset objects unloaded after import = 3
========================================================================
Received Import Request.
  Time since last request: 0.000064 seconds.
  path: Assets/Spritesheet/rollingBall_sheet@2.png
  artifactKey: Guid(2cfbf4f5e825aa04ca8b49f76c20ebd5) Importer(2089858483,0ecaa5967403d082aa24f35e1b516d23)
Start importing Assets/Spritesheet/rollingBall_sheet@2.png using Guid(2cfbf4f5e825aa04ca8b49f76c20ebd5) Importer(2089858483,0ecaa5967403d082aa24f35e1b516d23) Generated GUIDs only implemented for interfaces!
 -> (artifact id: 'ea9190ae28a854ff4f691888ee1fdbaf') in 0.026500 seconds
Number of updated asset objects reloaded before import = 0
Number of asset objects unloaded after import = 1
========================================================================
Received Import Request.
  Time since last request: 0.000084 seconds.
  path: Assets/Spritesheet/PNG/Retina/ball_blue_small_alt.png
  artifactKey: Guid(1c5be0a994fa7364ca359c3194775567) Importer(2089858483,0ecaa5967403d082aa24f35e1b516d23)
Start importing Assets/Spritesheet/PNG/Retina/ball_blue_small_alt.png using Guid(1c5be0a994fa7364ca359c3194775567) Importer(2089858483,0ecaa5967403d082aa24f35e1b516d23) Generated GUIDs only implemented for interfaces!
 -> (artifact id: '0396bcb928bb94da9d2585e08436495a') in 0.026438 seconds
Number of updated asset objects reloaded before import = 0
Number of asset objects unloaded after import = 3
========================================================================
Received Import Request.
  Time since last request: 0.000032 seconds.
  path: Assets/Spritesheet/PNG/Default/particle_0.png
  artifactKey: Guid(38275d3f6b4cb284e8d5e3ef1928ea59) Importer(2089858483,0ecaa5967403d082aa24f35e1b516d23)
Start importing Assets/Spritesheet/PNG/Default/particle_0.png using Guid(38275d3f6b4cb284e8d5e3ef1928ea59) Importer(2089858483,0ecaa5967403d082aa24f35e1b516d23) Generated GUIDs only implemented for interfaces!
 -> (artifact id: 'f16a6eba9d1a45e04142846edd7b2cf4') in 0.024449 seconds
Number of updated asset objects reloaded before import = 0
Number of asset objects unloaded after import = 3
========================================================================
Received Import Request.
  Time since last request: 0.000036 seconds.
  path: Assets/Spritesheet/PNG/Retina/block_rotate_narrow.png
  artifactKey: Guid(c65c34f6a4d65ee4aab5c997aaf8a48b) Importer(2089858483,0ecaa5967403d082aa24f35e1b516d23)
Start importing Assets/Spritesheet/PNG/Retina/block_rotate_narrow.png using Guid(c65c34f6a4d65ee4aab5c997aaf8a48b) Importer(2089858483,0ecaa5967403d082aa24f35e1b516d23) Generated GUIDs only implemented for interfaces!
 -> (artifact id: '0aded2bac886213896ccf0fbc31456e2') in 0.025539 seconds
Number of updated asset objects reloaded before import = 0
Number of asset objects unloaded after import = 3
========================================================================
Received Import Request.
  Time since last request: 0.000019 seconds.
  path: Assets/Spritesheet/PNG/Default/block_square.png
  artifactKey: Guid(b5a0c11c2514af64c862e5975b82f6d0) Importer(2089858483,0ecaa5967403d082aa24f35e1b516d23)
Start importing Assets/Spritesheet/PNG/Default/block_square.png using Guid(b5a0c11c2514af64c862e5975b82f6d0) Importer(2089858483,0ecaa5967403d082aa24f35e1b516d23) Generated GUIDs only implemented for interfaces!
 -> (artifact id: 'fcac31473dd943b5ac6c2370caeb020c') in 0.022382 seconds
Number of updated asset objects reloaded before import = 0
Number of asset objects unloaded after import = 3
========================================================================
Received Import Request.
  Time since last request: 0.000014 seconds.
  path: Assets/Spritesheet/PNG/Default/block_rotate_narrow.png
  artifactKey: Guid(b5cfd74b27962c34ca5442f8867202b0) Importer(2089858483,0ecaa5967403d082aa24f35e1b516d23)
Start importing Assets/Spritesheet/PNG/Default/block_rotate_narrow.png using Guid(b5cfd74b27962c34ca5442f8867202b0) Importer(2089858483,0ecaa5967403d082aa24f35e1b516d23) Generated GUIDs only implemented for interfaces!
 -> (artifact id: 'eb7737978477352d0edda19064e38dbd') in 0.025411 seconds
Number of updated asset objects reloaded before import = 0
Number of asset objects unloaded after import = 3
========================================================================
Received Import Request.
  Time since last request: 0.000070 seconds.
  path: Assets/Spritesheet/PNG/Default/star_outline.png
  artifactKey: Guid(05b75c16ad5bbfe4cb97a39c438cb651) Importer(2089858483,0ecaa5967403d082aa24f35e1b516d23)
Start importing Assets/Spritesheet/PNG/Default/star_outline.png using Guid(05b75c16ad5bbfe4cb97a39c438cb651) Importer(2089858483,0ecaa5967403d082aa24f35e1b516d23) Generated GUIDs only implemented for interfaces!
 -> (artifact id: '9a0fbd253e02606d9194266651f55b1a') in 0.021034 seconds
Number of updated asset objects reloaded before import = 0
Number of asset objects unloaded after import = 3
========================================================================
Received Import Request.
  Time since last request: 0.000014 seconds.
  path: Assets/Spritesheet/PNG/Retina/block_locked_square.png
  artifactKey: Guid(834eb7335a64a68438e44d24d88a3a57) Importer(2089858483,0ecaa5967403d082aa24f35e1b516d23)
Start importing Assets/Spritesheet/PNG/Retina/block_locked_square.png using Guid(834eb7335a64a68438e44d24d88a3a57) Importer(2089858483,0ecaa5967403d082aa24f35e1b516d23) Generated GUIDs only implemented for interfaces!
 -> (artifact id: '108a66afeba008f5c71fd82764692825') in 0.021962 seconds
Number of updated asset objects reloaded before import = 0
Number of asset objects unloaded after import = 3
========================================================================
Received Import Request.
  Time since last request: 0.000015 seconds.
  path: Assets/Spritesheet/PNG/Default/block_small.png
  artifactKey: Guid(3b5dc04894050354180fb42ebfd98d66) Importer(2089858483,0ecaa5967403d082aa24f35e1b516d23)
Start importing Assets/Spritesheet/PNG/Default/block_small.png using Guid(3b5dc04894050354180fb42ebfd98d66) Importer(2089858483,0ecaa5967403d082aa24f35e1b516d23) Generated GUIDs only implemented for interfaces!
 -> (artifact id: '8d1612653209a247bda6efc4dec6a7cc') in 0.024569 seconds
Number of updated asset objects reloaded before import = 0
Number of asset objects unloaded after import = 3
========================================================================
Received Import Request.
  Time since last request: 0.000023 seconds.
  path: Assets/Spritesheet/PNG/Default/particle_1.png
  artifactKey: Guid(35da227dd89ae1249a7072e59dc3aff1) Importer(2089858483,0ecaa5967403d082aa24f35e1b516d23)
Start importing Assets/Spritesheet/PNG/Default/particle_1.png using Guid(35da227dd89ae1249a7072e59dc3aff1) Importer(2089858483,0ecaa5967403d082aa24f35e1b516d23) Generated GUIDs only implemented for interfaces!
 -> (artifact id: '6c5dd8f9e12bcb4f85986f93023a26f6') in 0.026316 seconds
Number of updated asset objects reloaded before import = 0
Number of asset objects unloaded after import = 3
========================================================================
Received Import Request.
  Time since last request: 0.000016 seconds.
  path: Assets/Spritesheet/PNG/Default/number_1.png
  artifactKey: Guid(2b69fac2bc036bb458ea2230633f670c) Importer(2089858483,0ecaa5967403d082aa24f35e1b516d23)
Start importing Assets/Spritesheet/PNG/Default/number_1.png using Guid(2b69fac2bc036bb458ea2230633f670c) Importer(2089858483,0ecaa5967403d082aa24f35e1b516d23) Generated GUIDs only implemented for interfaces!
 -> (artifact id: '29ab61010d1831f85d3321c9b504f031') in 0.024139 seconds
Number of updated asset objects reloaded before import = 0
Number of asset objects unloaded after import = 3
========================================================================
Received Import Request.
  Time since last request: 0.000015 seconds.
  path: Assets/Spritesheet/PNG/Default/block_corner.png
  artifactKey: Guid(83ade4da51ecfcb4c9c3c3392c861396) Importer(2089858483,0ecaa5967403d082aa24f35e1b516d23)
Start importing Assets/Spritesheet/PNG/Default/block_corner.png using Guid(83ade4da51ecfcb4c9c3c3392c861396) Importer(2089858483,0ecaa5967403d082aa24f35e1b516d23) Generated GUIDs only implemented for interfaces!
 -> (artifact id: '732ff06f563480c1a53a4bd9a40a9170') in 0.021728 seconds
Number of updated asset objects reloaded before import = 0
Number of asset objects unloaded after import = 3
========================================================================
Received Import Request.
  Time since last request: 0.000017 seconds.
  path: Assets/Scenes/SampleScene.unity
  artifactKey: Guid(2cda990e2423bbf4892e6590ba056729) Importer(2089858483,0ecaa5967403d082aa24f35e1b516d23)
Start importing Assets/Scenes/SampleScene.unity using Guid(2cda990e2423bbf4892e6590ba056729) Importer(2089858483,0ecaa5967403d082aa24f35e1b516d23) Generated GUIDs only implemented for interfaces!
 -> (artifact id: '7086bf70759b7b6d3cdc14bfb5172b28') in 0.010700 seconds
Number of updated asset objects reloaded before import = 0
Number of asset objects unloaded after import = 1
========================================================================
Received Import Request.
  Time since last request: 0.000032 seconds.
  path: Assets/Spritesheet/PNG/Default/background_brown.png
  artifactKey: Guid(7837e4da43e17ab4bb20b621bc50e7e8) Importer(2089858483,0ecaa5967403d082aa24f35e1b516d23)
Start importing Assets/Spritesheet/PNG/Default/background_brown.png using Guid(7837e4da43e17ab4bb20b621bc50e7e8) Importer(2089858483,0ecaa5967403d082aa24f35e1b516d23) Generated GUIDs only implemented for interfaces!
 -> (artifact id: 'ea71c2faa6865adb4bee2c7220c4c7a8') in 0.024517 seconds
Number of updated asset objects reloaded before import = 0
Number of asset objects unloaded after import = 3
========================================================================
Received Import Request.
  Time since last request: 0.000016 seconds.
  path: Assets/Spritesheet/PNG/Default/number_4.png
  artifactKey: Guid(2d0ade808cfb172468dc12751abee1fd) Importer(2089858483,0ecaa5967403d082aa24f35e1b516d23)
Start importing Assets/Spritesheet/PNG/Default/number_4.png using Guid(2d0ade808cfb172468dc12751abee1fd) Importer(2089858483,0ecaa5967403d082aa24f35e1b516d23) Generated GUIDs only implemented for interfaces!
 -> (artifact id: '53faf8226480df8fdcc7ac073d053a6b') in 0.023389 seconds
Number of updated asset objects reloaded before import = 0
Number of asset objects unloaded after import = 3
========================================================================
Received Import Request.
  Time since last request: 0.000081 seconds.
  path: Assets/Spritesheet/PNG/Retina/hole_large_end_alt.png
  artifactKey: Guid(9a7bffe546b7bed4f960918667d5b8ff) Importer(2089858483,0ecaa5967403d082aa24f35e1b516d23)
Start importing Assets/Spritesheet/PNG/Retina/hole_large_end_alt.png using Guid(9a7bffe546b7bed4f960918667d5b8ff) Importer(2089858483,0ecaa5967403d082aa24f35e1b516d23) Generated GUIDs only implemented for interfaces!
 -> (artifact id: '81ad0485a4213df7705504a9cc220d69') in 0.020342 seconds
Number of updated asset objects reloaded before import = 0
Number of asset objects unloaded after import = 3
========================================================================
Received Import Request.
  Time since last request: 0.000013 seconds.
  path: Assets/Spritesheet/PNG/Retina/laser.png
  artifactKey: Guid(27e63fe246b45cc41bec33a83fde1e2f) Importer(2089858483,0ecaa5967403d082aa24f35e1b516d23)
Start importing Assets/Spritesheet/PNG/Retina/laser.png using Guid(27e63fe246b45cc41bec33a83fde1e2f) Importer(2089858483,0ecaa5967403d082aa24f35e1b516d23) Generated GUIDs only implemented for interfaces!
 -> (artifact id: '5b96f924fec16539b460cb41dc2e98c3') in 0.022926 seconds
Number of updated asset objects reloaded before import = 0
Number of asset objects unloaded after import = 3
========================================================================
Received Import Request.
  Time since last request: 0.000029 seconds.
  path: Assets/Spritesheet/PNG/Default/laser.png
  artifactKey: Guid(d2a696a00d69e7e42a7afb7046ef9022) Importer(2089858483,0ecaa5967403d082aa24f35e1b516d23)
Start importing Assets/Spritesheet/PNG/Default/laser.png using Guid(d2a696a00d69e7e42a7afb7046ef9022) Importer(2089858483,0ecaa5967403d082aa24f35e1b516d23) Generated GUIDs only implemented for interfaces!
 -> (artifact id: 'e1af08695e54616b1a4bd841fb29ffb2') in 0.020775 seconds
Number of updated asset objects reloaded before import = 0
Number of asset objects unloaded after import = 3
========================================================================
Received Import Request.
  Time since last request: 0.000029 seconds.
  path: Assets/Scripts/BallContorller.cs
  artifactKey: Guid(c5082eec983e36743ab965a9a06b378c) Importer(2089858483,0ecaa5967403d082aa24f35e1b516d23)
Start importing Assets/Scripts/BallContorller.cs using Guid(c5082eec983e36743ab965a9a06b378c) Importer(2089858483,0ecaa5967403d082aa24f35e1b516d23) Generated GUIDs only implemented for interfaces!
 -> (artifact id: 'd5cc74bf1fa6f8475bdcebcf9d4c18eb') in 0.011103 seconds
Number of updated asset objects reloaded before import = 0
Number of asset objects unloaded after import = 1
========================================================================
Received Import Request.
  Time since last request: 0.000156 seconds.
  path: Assets/Spritesheet/PNG/Retina/hole_small_end_locked.png
  artifactKey: Guid(83464103d9d6a764e833f55c356e4809) Importer(2089858483,0ecaa5967403d082aa24f35e1b516d23)
Start importing Assets/Spritesheet/PNG/Retina/hole_small_end_locked.png using Guid(83464103d9d6a764e833f55c356e4809) Importer(2089858483,0ecaa5967403d082aa24f35e1b516d23) Generated GUIDs only implemented for interfaces!
 -> (artifact id: '8eddf9d9c45f57e052ef0071d8c1fa62') in 0.024040 seconds
Number of updated asset objects reloaded before import = 0
Number of asset objects unloaded after import = 3
========================================================================
Received Import Request.
  Time since last request: 0.000061 seconds.
  path: Assets/Spritesheet/PNG/Default/ball_blue_small.png
  artifactKey: Guid(c60cebe6bed8354438fc6617e3cf7f4d) Importer(2089858483,0ecaa5967403d082aa24f35e1b516d23)
Start importing Assets/Spritesheet/PNG/Default/ball_blue_small.png using Guid(c60cebe6bed8354438fc6617e3cf7f4d) Importer(2089858483,0ecaa5967403d082aa24f35e1b516d23) Generated GUIDs only implemented for interfaces!
 -> (artifact id: '021cdd224c64d4c2ab31808c9a18b937') in 0.021302 seconds
Number of updated asset objects reloaded before import = 0
Number of asset objects unloaded after import = 3
========================================================================
Received Import Request.
  Time since last request: 0.000034 seconds.
  path: Assets/Spritesheet/PNG/Default/hole_large_end_alt.png
  artifactKey: Guid(b6bcb9c5e4e5e92449dfea1986e61554) Importer(2089858483,0ecaa5967403d082aa24f35e1b516d23)
Start importing Assets/Spritesheet/PNG/Default/hole_large_end_alt.png using Guid(b6bcb9c5e4e5e92449dfea1986e61554) Importer(2089858483,0ecaa5967403d082aa24f35e1b516d23) Generated GUIDs only implemented for interfaces!
 -> (artifact id: '7aaa034e36c73ae930683108f3ace964') in 0.023297 seconds
Number of updated asset objects reloaded before import = 0
Number of asset objects unloaded after import = 3
========================================================================
Received Import Request.
  Time since last request: 0.000014 seconds.
  path: Assets/Spritesheet/PNG/Retina/number_4.png
  artifactKey: Guid(b2c3886d605b8404381e603891a70255) Importer(2089858483,0ecaa5967403d082aa24f35e1b516d23)
Start importing Assets/Spritesheet/PNG/Retina/number_4.png using Guid(b2c3886d605b8404381e603891a70255) Importer(2089858483,0ecaa5967403d082aa24f35e1b516d23) Generated GUIDs only implemented for interfaces!
 -> (artifact id: '1567137cf0dd1782e046040f1ed4770e') in 0.022378 seconds
Number of updated asset objects reloaded before import = 0
Number of asset objects unloaded after import = 3
========================================================================
Received Import Request.
  Time since last request: 0.000017 seconds.
  path: Assets/Spritesheet/PNG/Default/particle_2.png
  artifactKey: Guid(1e62e7d485a2f6f42b83ab68868c260a) Importer(2089858483,0ecaa5967403d082aa24f35e1b516d23)
Start importing Assets/Spritesheet/PNG/Default/particle_2.png using Guid(1e62e7d485a2f6f42b83ab68868c260a) Importer(2089858483,0ecaa5967403d082aa24f35e1b516d23) Generated GUIDs only implemented for interfaces!
 -> (artifact id: 'ee60bd48b8ad43b58db25379aef985e8') in 0.026215 seconds
Number of updated asset objects reloaded before import = 0
Number of asset objects unloaded after import = 3
========================================================================
Received Import Request.
  Time since last request: 0.000031 seconds.
  path: Assets/Spritesheet/PNG/Default/block_locked_small.png
  artifactKey: Guid(4e774613761c6c248b19e1dc0c21215e) Importer(2089858483,0ecaa5967403d082aa24f35e1b516d23)
Start importing Assets/Spritesheet/PNG/Default/block_locked_small.png using Guid(4e774613761c6c248b19e1dc0c21215e) Importer(2089858483,0ecaa5967403d082aa24f35e1b516d23) Generated GUIDs only implemented for interfaces!
 -> (artifact id: '3fa3ebb3dc6951ce40bc8cdd6e11724c') in 0.022266 seconds
Number of updated asset objects reloaded before import = 0
Number of asset objects unloaded after import = 3
========================================================================
Received Import Request.
  Time since last request: 0.000015 seconds.
  path: Assets/Spritesheet/PNG/Retina/key_outline.png
  artifactKey: Guid(e8359abcdf242e142b0f8f1fa90aa48a) Importer(2089858483,0ecaa5967403d082aa24f35e1b516d23)
Start importing Assets/Spritesheet/PNG/Retina/key_outline.png using Guid(e8359abcdf242e142b0f8f1fa90aa48a) Importer(2089858483,0ecaa5967403d082aa24f35e1b516d23) Generated GUIDs only implemented for interfaces!
 -> (artifact id: '6d66167f6aac4175aa12e4f1370874be') in 0.023535 seconds
Number of updated asset objects reloaded before import = 0
Number of asset objects unloaded after import = 3
========================================================================
Received Import Request.
  Time since last request: 0.000014 seconds.
  path: Assets/Spritesheet/PNG/Default/block_large.png
  artifactKey: Guid(b9b4664d932e9b0438de50223fb6bca8) Importer(2089858483,0ecaa5967403d082aa24f35e1b516d23)
Start importing Assets/Spritesheet/PNG/Default/block_large.png using Guid(b9b4664d932e9b0438de50223fb6bca8) Importer(2089858483,0ecaa5967403d082aa24f35e1b516d23) Generated GUIDs only implemented for interfaces!
 -> (artifact id: '02c4d090a4fc14218600be56e81dc42a') in 0.021468 seconds
Number of updated asset objects reloaded before import = 0
Number of asset objects unloaded after import = 3
========================================================================
Received Import Request.
  Time since last request: 2.972382 seconds.
  path: Assets/Spritesheet/PNG/Retina/star_outline.png
  artifactKey: Guid(76b5019ec320e3b4ba386638ddb0548d) Importer(2089858483,0ecaa5967403d082aa24f35e1b516d23)
Start importing Assets/Spritesheet/PNG/Retina/star_outline.png using Guid(76b5019ec320e3b4ba386638ddb0548d) Importer(2089858483,0ecaa5967403d082aa24f35e1b516d23) Generated GUIDs only implemented for interfaces!
 -> (artifact id: '1839c4eac0f07d189be771e03762a2cf') in 0.027653 seconds
Number of updated asset objects reloaded before import = 0
Number of asset objects unloaded after import = 3
========================================================================
Received Prepare
Refreshing native plugins compatible for Editor in 5.00 ms, found 4 plugins.
Preloading 0 native plugins for Editor in 0.00 ms.
Unloading 6 Unused Serialized files (Serialized files now loaded: 0)
Unloading 7 unused Assets / (196.2 KB). Loaded Objects now: 4484.
Memory consumption went from 81.0 MB to 80.8 MB.
Total: 3.719800 ms (FindLiveObjects: 0.310800 ms CreateObjectMapping: 0.277400 ms MarkObjects: 3.004400 ms  DeleteObjects: 0.126600 ms)

Prepare: number of updated asset objects reloaded= 0
AssetImportParameters requested are different than current active one (requested -> active):
  custom:container-demuxer-ogg: 62fdf1f143b41e24485cea50d1cbac27 -> 
  custom:video-decoder-ogg-theora: a1e56fd34408186e4bbccfd4996cb3dc -> 
  custom:framework-win-MediaFoundation: 216162199b28c13a410421893ffa2e32 -> 
  custom:container-demuxer-webm: 4f35f7cbe854078d1ac9338744f61a02 -> 
  custom:container-muxer-webm: aa71ff27fc2769a1b78a27578f13a17b -> 
  custom:video-decoder-webm-vp8: 9c59270c3fd7afecdb556c50c9e8de78 -> 
  custom:SearchIndexIgnoredProperties: e643bd26f0fe6173181afceb89e7c659 -> 
  custom:AudioImporter_EditorPlatform: d09bf68614088b80899f8185d706f6e7 -> 
  custom:video-encoder-webm-vp8: eb34c28f22e8b96e1ab97ce403110664 -> 
  custom:audio-decoder-ogg-vorbis: bf7c407c2cedff20999df2af8eb42d56 -> 
  custom:audio-encoder-webm-vorbis: bf7c407c2cedff20999df2af8eb42d56 -> 
Editor requested this worker to shutdown with reason: Scaling down because of idle timeout
TcpMessagingSession - receive error: operation aborted. errorcode: 995, details: Bir i parac k veya bir uygulama istei nedeniyle G/ ilemi iptal edildi.
AssetImportWorker is now disconnected from the server
Process exiting
Exiting without the bug reporter. Application will terminate with return code 0